<?xml version="1.0" encoding="UTF-8"?>
<!-- Generated by org.testng.reporters.JUnitReportReporter -->
<testsuite hostname="RISHABH-EminenceSquare" failures="0" tests="1" name="seleniumwithTestNG.CrudInTestNG" time="21.483" errors="0" timestamp="2025-10-16T18:33:00 IST" skipped="0">
  <testcase classname="seleniumwithTestNG.CrudInTestNG" name="verifyOrangeHrmLoginFuncWithValidCredential" time="21.483">
    <system-out>
      <![CDATA[Succesfully entered Username, Value:- Admin
Succesfully entered Password, Value:- admin123]]>
    </system-out>
  </testcase> <!-- verifyOrangeHrmLoginFuncWithValidCredential -->
  <system-out>
    <![CDATA[Succesfully entered Username, Value:- Admin
Succesfully entered Password, Value:- admin123]]>
  </system-out>
</testsuite> <!-- seleniumwithTestNG.CrudInTestNG -->
