<?xml version="1.0" encoding="UTF-8"?>
<!-- Generated by org.testng.reporters.JUnitReportReporter -->
<testsuite hostname="RISHABH-EminenceSquare" failures="0" tests="2" name="seleniumwithTestNG.PracticaWithTestNG" time="0.034" errors="0" timestamp="2025-10-16T17:17:23 IST" skipped="0">
  <testcase classname="seleniumwithTestNG.PracticaWithTestNG" name="testcase2" time="0.013"/>
  <testcase classname="seleniumwithTestNG.PracticaWithTestNG" name="testcase1" time="0.021"/>
</testsuite> <!-- seleniumwithTestNG.PracticaWithTestNG -->
